2015-12-26 23:02:03 [scrapy] INFO: Scrapy 1.0.3 started (bot: douban)
2015-12-26 23:02:03 [scrapy] INFO: Optional features available: ssl, http11
2015-12-26 23:02:03 [scrapy] INFO: Overridden settings: {'NEWSPIDER_MODULE': 'douban.spiders', 'LOG_LEVEL': 'INFO', 'CONCURRENT_REQUESTS_PER_DOMAIN': 32, 'CONCURRENT_REQUESTS': 32, 'HTTPCACHE_IGNORE_HTTP_CODES': [500, 503, 504, 400, 403, 404, 408], 'SPIDER_MODULES': ['douban.spiders'], 'HTTPCACHE_ENABLED': True, 'RETRY_HTTP_CODES': [500, 503, 504, 400, 403, 404, 408], 'BOT_NAME': 'douban', 'COOKIES_ENABLED': False, 'RETRY_TIMES': 10, 'LOG_FILE': 'douban.log', 'HTTPCACHE_STORAGE': 'scrapy.extensions.httpcache.LeveldbCacheStorage'}
2015-12-26 23:02:03 [scrapy] INFO: Enabled extensions: CloseSpider, TelnetConsole, LogStats, CoreStats, SpiderState
2015-12-26 23:02:03 [scrapy] INFO: Enabled downloader middlewares: RandomHttpProxy, HttpAuthMiddleware, DownloadTimeoutMiddleware, UserAgentMiddleware, RetryMiddleware, DefaultHeadersMiddleware, MetaRefreshMiddleware, HttpCompressionMiddleware, RedirectMiddleware, ChunkedTransferMiddleware, DownloaderStats, HttpCacheMiddleware
2015-12-26 23:02:03 [scrapy] INFO: Enabled spider middlewares: HttpErrorMiddleware, OffsiteMiddleware, RefererMiddleware, UrlLengthMiddleware, DepthMiddleware
2015-12-26 23:02:03 [scrapy] INFO: Enabled item pipelines: DoubanPipeline
2015-12-26 23:02:03 [scrapy] INFO: Spider opened
2015-12-26 23:02:03 [scrapy] INFO: Resuming crawl (317 requests scheduled)
2015-12-26 23:02:03 [scrapy] INFO: Crawled 0 pages (at 0 pages/min), scraped 0 items (at 0 items/min)
2015-12-26 23:03:03 [scrapy] INFO: Crawled 533 pages (at 533 pages/min), scraped 0 items (at 0 items/min)
2015-12-26 23:03:12 [scrapy] INFO: Received SIGINT, shutting down gracefully. Send again to force 
2015-12-26 23:03:12 [scrapy] INFO: Closing spider (shutdown)
2015-12-26 23:03:12 [scrapy] INFO: Received SIGINT twice, forcing unclean shutdown
2015-12-26 23:03:12 [scrapy] INFO: Dumping Scrapy stats:
{'downloader/exception_count': 37,
 'downloader/exception_type_count/twisted.internet.error.ConnectError': 30,
 'downloader/exception_type_count/twisted.internet.error.ConnectionRefusedError': 4,
 'downloader/exception_type_count/twisted.web._newclient.ResponseNeverReceived': 3,
 'downloader/request_bytes': 180515,
 'downloader/request_count': 609,
 'downloader/request_method_count/GET': 609,
 'downloader/response_bytes': 4432799,
 'downloader/response_count': 572,
 'downloader/response_status_count/200': 530,
 'downloader/response_status_count/403': 39,
 'downloader/response_status_count/502': 3,
 'dupefilter/filtered': 1402,
 'finish_reason': 'shutdown',
 'finish_time': datetime.datetime(2015, 12, 26, 15, 3, 12, 448647),
 'httpcache/firsthand': 347,
 'httpcache/hit': 225,
 'httpcache/miss': 384,
 'httpcache/store': 308,
 'httpcache/uncacheable': 39,
 'log_count/INFO': 11,
 'request_depth_max': 41,
 'response_received_count': 533,
 'scheduler/dequeued': 609,
 'scheduler/dequeued/disk': 609,
 'scheduler/enqueued': 1314,
 'scheduler/enqueued/disk': 1314,
 'start_time': datetime.datetime(2015, 12, 26, 15, 2, 3, 256968)}
2015-12-26 23:03:12 [scrapy] INFO: Spider closed (shutdown)
2015-12-26 23:03:14 [scrapy] INFO: Scrapy 1.0.3 started (bot: douban)
2015-12-26 23:03:14 [scrapy] INFO: Optional features available: ssl, http11
2015-12-26 23:03:14 [scrapy] INFO: Overridden settings: {'NEWSPIDER_MODULE': 'douban.spiders', 'LOG_LEVEL': 'INFO', 'CONCURRENT_REQUESTS_PER_DOMAIN': 32, 'CONCURRENT_REQUESTS': 32, 'HTTPCACHE_IGNORE_HTTP_CODES': [500, 503, 504, 400, 403, 404, 408], 'SPIDER_MODULES': ['douban.spiders'], 'HTTPCACHE_ENABLED': True, 'RETRY_HTTP_CODES': [500, 503, 504, 400, 403, 404, 408], 'BOT_NAME': 'douban', 'COOKIES_ENABLED': False, 'RETRY_TIMES': 10, 'LOG_FILE': 'douban.log', 'HTTPCACHE_STORAGE': 'scrapy.extensions.httpcache.LeveldbCacheStorage'}
2015-12-26 23:03:14 [scrapy] INFO: Enabled extensions: CloseSpider, TelnetConsole, LogStats, CoreStats, SpiderState
2015-12-26 23:03:14 [scrapy] INFO: Enabled downloader middlewares: RandomHttpProxy, HttpAuthMiddleware, DownloadTimeoutMiddleware, UserAgentMiddleware, RetryMiddleware, DefaultHeadersMiddleware, MetaRefreshMiddleware, HttpCompressionMiddleware, RedirectMiddleware, ChunkedTransferMiddleware, DownloaderStats, HttpCacheMiddleware
2015-12-26 23:03:14 [scrapy] INFO: Enabled spider middlewares: HttpErrorMiddleware, OffsiteMiddleware, RefererMiddleware, UrlLengthMiddleware, DepthMiddleware
2015-12-26 23:03:14 [scrapy] INFO: Enabled item pipelines: DoubanPipeline
2015-12-26 23:03:14 [scrapy] INFO: Spider opened
2015-12-26 23:03:14 [scrapy] INFO: Resuming crawl (1022 requests scheduled)
2015-12-26 23:03:14 [scrapy] INFO: Crawled 0 pages (at 0 pages/min), scraped 0 items (at 0 items/min)
2015-12-26 23:03:21 [scrapy] INFO: Received SIGINT, shutting down gracefully. Send again to force 
2015-12-26 23:03:21 [scrapy] INFO: Closing spider (shutdown)
2015-12-26 23:03:21 [scrapy] INFO: Received SIGINT twice, forcing unclean shutdown
2015-12-26 23:03:21 [scrapy] INFO: Dumping Scrapy stats:
{'downloader/exception_count': 28,
 'downloader/exception_type_count/twisted.internet.error.ConnectError': 7,
 'downloader/exception_type_count/twisted.internet.error.ConnectionRefusedError': 2,
 'downloader/exception_type_count/twisted.web._newclient.ResponseFailed': 2,
 'downloader/exception_type_count/twisted.web._newclient.ResponseNeverReceived': 17,
 'downloader/request_bytes': 68784,
 'downloader/request_count': 231,
 'downloader/request_method_count/GET': 231,
 'downloader/response_bytes': 1531396,
 'downloader/response_count': 203,
 'downloader/response_status_count/200': 191,
 'downloader/response_status_count/403': 10,
 'downloader/response_status_count/502': 2,
 'dupefilter/filtered': 494,
 'finish_reason': 'shutdown',
 'finish_time': datetime.datetime(2015, 12, 26, 15, 3, 21, 503230),
 'httpcache/firsthand': 113,
 'httpcache/hit': 90,
 'httpcache/miss': 141,
 'httpcache/store': 103,
 'httpcache/uncacheable': 10,
 'log_count/INFO': 10,
 'request_depth_max': 48,
 'response_received_count': 193,
 'scheduler/dequeued': 231,
 'scheduler/dequeued/disk': 231,
 'scheduler/enqueued': 499,
 'scheduler/enqueued/disk': 499,
 'start_time': datetime.datetime(2015, 12, 26, 15, 3, 14, 990089)}
2015-12-26 23:03:21 [scrapy] INFO: Spider closed (shutdown)
2015-12-26 23:05:27 [scrapy] INFO: Scrapy 1.0.3 started (bot: douban)
2015-12-26 23:05:27 [scrapy] INFO: Optional features available: ssl, http11
2015-12-26 23:05:27 [scrapy] INFO: Overridden settings: {'NEWSPIDER_MODULE': 'douban.spiders', 'LOG_LEVEL': 'INFO', 'CONCURRENT_REQUESTS_PER_DOMAIN': 32, 'CONCURRENT_REQUESTS': 32, 'HTTPCACHE_IGNORE_HTTP_CODES': [500, 503, 504, 400, 403, 404, 408], 'SPIDER_MODULES': ['douban.spiders'], 'HTTPCACHE_ENABLED': True, 'RETRY_HTTP_CODES': [500, 503, 504, 400, 403, 404, 408], 'BOT_NAME': 'douban', 'LOG_STDOUT': True, 'COOKIES_ENABLED': False, 'RETRY_TIMES': 10, 'LOG_FILE': 'douban.log', 'HTTPCACHE_STORAGE': 'scrapy.extensions.httpcache.LeveldbCacheStorage'}
2015-12-26 23:05:27 [scrapy] INFO: Enabled extensions: CloseSpider, TelnetConsole, LogStats, CoreStats, SpiderState
2015-12-26 23:05:27 [scrapy] INFO: Enabled downloader middlewares: RandomHttpProxy, HttpAuthMiddleware, DownloadTimeoutMiddleware, UserAgentMiddleware, RetryMiddleware, DefaultHeadersMiddleware, MetaRefreshMiddleware, HttpCompressionMiddleware, RedirectMiddleware, ChunkedTransferMiddleware, DownloaderStats, HttpCacheMiddleware
2015-12-26 23:05:27 [scrapy] INFO: Enabled spider middlewares: HttpErrorMiddleware, OffsiteMiddleware, RefererMiddleware, UrlLengthMiddleware, DepthMiddleware
2015-12-26 23:05:27 [scrapy] INFO: Enabled item pipelines: DoubanPipeline
2015-12-26 23:05:27 [scrapy] INFO: Spider opened
2015-12-26 23:05:27 [scrapy] INFO: Resuming crawl (1290 requests scheduled)
2015-12-26 23:05:27 [scrapy] INFO: Crawled 0 pages (at 0 pages/min), scraped 0 items (at 0 items/min)
2015-12-26 23:05:40 [scrapy] INFO: Received SIGINT, shutting down gracefully. Send again to force 
2015-12-26 23:05:40 [scrapy] INFO: Closing spider (shutdown)
2015-12-26 23:05:41 [scrapy] INFO: Received SIGINT twice, forcing unclean shutdown
2015-12-26 23:05:42 [scrapy] INFO: Dumping Scrapy stats:
{'downloader/exception_count': 25,
 'downloader/exception_type_count/twisted.internet.error.ConnectError': 14,
 'downloader/exception_type_count/twisted.internet.error.ConnectionRefusedError': 1,
 'downloader/exception_type_count/twisted.web._newclient.ResponseFailed': 1,
 'downloader/exception_type_count/twisted.web._newclient.ResponseNeverReceived': 9,
 'downloader/request_bytes': 174517,
 'downloader/request_count': 592,
 'downloader/request_method_count/GET': 592,
 'downloader/response_bytes': 4242698,
 'downloader/response_count': 567,
 'downloader/response_status_count/200': 522,
 'downloader/response_status_count/403': 42,
 'downloader/response_status_count/502': 3,
 'dupefilter/filtered': 1508,
 'finish_reason': 'shutdown',
 'finish_time': datetime.datetime(2015, 12, 26, 15, 5, 42, 9931),
 'httpcache/firsthand': 256,
 'httpcache/hit': 311,
 'httpcache/miss': 281,
 'httpcache/store': 214,
 'httpcache/uncacheable': 42,
 'log_count/INFO': 10,
 'request_depth_max': 65,
 'response_received_count': 525,
 'scheduler/dequeued': 592,
 'scheduler/dequeued/disk': 592,
 'scheduler/enqueued': 1133,
 'scheduler/enqueued/disk': 1133,
 'start_time': datetime.datetime(2015, 12, 26, 15, 5, 27, 948038)}
2015-12-26 23:05:42 [scrapy] INFO: Spider closed (shutdown)
