2015-12-17 22:38:34 [scrapy] INFO: Scrapy 1.0.3 started (bot: douban)
2015-12-17 22:38:34 [scrapy] INFO: Optional features available: ssl, http11
2015-12-17 22:38:34 [scrapy] INFO: Overridden settings: {'NEWSPIDER_MODULE': 'douban.spiders', 'FEED_URI': 'douban/tmp/douban_book.json', 'SPIDER_MODULES': ['douban.spiders'], 'RETRY_HTTP_CODES': [500, 503, 504, 400, 403, 404, 408], 'BOT_NAME': 'douban', 'COOKIES_ENABLED': False, 'RETRY_TIMES': 10, 'LOG_FILE': 'douban/tmp/douban_book.log'}
2015-12-17 22:38:34 [scrapy] INFO: Enabled extensions: CloseSpider, FeedExporter, TelnetConsole, LogStats, CoreStats, SpiderState, AutoThrottle
2015-12-17 22:38:34 [py.warnings] WARNING: /Users/gaotianpu/github/kgone/spider/douban/douban/middlewares/RandomHttpProxy.py:6: ScrapyDeprecationWarning: Module `scrapy.log` has been deprecated, Scrapy now relies on the builtin Python library for logging. Read the updated logging entry in the documentation to learn more.
  from scrapy import log

2015-12-17 22:38:34 [scrapy] INFO: Enabled downloader middlewares: RandomHttpProxy, HttpAuthMiddleware, DownloadTimeoutMiddleware, UserAgentMiddleware, RetryMiddleware, DefaultHeadersMiddleware, MetaRefreshMiddleware, HttpCompressionMiddleware, RedirectMiddleware, ChunkedTransferMiddleware, DownloaderStats
2015-12-17 22:38:34 [scrapy] INFO: Enabled spider middlewares: HttpErrorMiddleware, OffsiteMiddleware, RefererMiddleware, UrlLengthMiddleware, DepthMiddleware
2015-12-17 22:38:34 [scrapy] INFO: Enabled item pipelines: 
2015-12-17 22:38:34 [scrapy] INFO: Spider opened
2015-12-17 22:38:34 [scrapy] INFO: Crawled 0 pages (at 0 pages/min), scraped 0 items (at 0 items/min)
2015-12-17 22:38:34 [scrapy] DEBUG: Telnet console listening on 127.0.0.1:6023
2015-12-17 22:38:34 [scrapy] DEBUG: Retrying <GET http://book.douban.com/> (failed 1 times): Connection was refused by other side: 61: Connection refused.
2015-12-17 22:38:39 [scrapy] INFO: Received SIGINT, shutting down gracefully. Send again to force 
2015-12-17 22:38:39 [scrapy] INFO: Closing spider (shutdown)
2015-12-17 22:38:39 [scrapy] DEBUG: Retrying <GET http://book.douban.com/> (failed 2 times): Connection was refused by other side: 61: Connection refused.
2015-12-17 22:38:39 [scrapy] INFO: Dumping Scrapy stats:
{'downloader/exception_count': 2,
 'downloader/exception_type_count/twisted.internet.error.ConnectionRefusedError': 2,
 'downloader/request_bytes': 426,
 'downloader/request_count': 2,
 'downloader/request_method_count/GET': 2,
 'finish_reason': 'shutdown',
 'finish_time': datetime.datetime(2015, 12, 17, 14, 38, 39, 443999),
 'log_count/DEBUG': 3,
 'log_count/INFO': 8,
 'log_count/WARNING': 1,
 'scheduler/dequeued': 2,
 'scheduler/dequeued/memory': 2,
 'scheduler/enqueued': 3,
 'scheduler/enqueued/memory': 3,
 'start_time': datetime.datetime(2015, 12, 17, 14, 38, 34, 541499)}
2015-12-17 22:38:39 [scrapy] INFO: Spider closed (shutdown)
